ROCm is working
  0%|          | 0/9 [00:00<?, ?it/s] 11%|█         | 1/9 [00:15<02:00, 15.02s/it] 22%|██▏       | 2/9 [00:29<01:44, 14.94s/it] 33%|███▎      | 3/9 [00:45<01:32, 15.40s/it] 44%|████▍     | 4/9 [01:00<01:16, 15.20s/it] 56%|█████▌    | 5/9 [01:16<01:01, 15.47s/it] 67%|██████▋   | 6/9 [01:30<00:45, 15.01s/it] 78%|███████▊  | 7/9 [01:44<00:29, 14.59s/it] 89%|████████▉ | 8/9 [01:59<00:14, 14.64s/it]100%|██████████| 9/9 [02:12<00:00, 14.05s/it]100%|██████████| 9/9 [02:12<00:00, 14.67s/it]
**BEFORE CLEANING** Dataset size: 8657
  0%|          | 0/2 [00:00<?, ?it/s]100%|██████████| 2/2 [00:00<00:00, 1953.56it/s]
/home/leciojor/passing/helpers.py:177: UserWarning: No artists with labels found to put in legend.  Note that artists whose label start with an underscore are ignored when legend() is called with no argument.
  plt.legend()
**AFTER CLEANING** Dataset size: 8657
LOSS: 1.4219154119491577 ACCURACY: 0.1875
VAL LOSS: 1.2862549593689245 VAL ACCURACY: 0.3797782875529123
LOSS: 1.376600980758667 ACCURACY: 0.375
VAL LOSS: 1.29670936580098 VAL ACCURACY: 0.3941131499382334
LOSS: 1.2366793155670166 ACCURACY: 0.375
VAL LOSS: 1.2825623105425354 VAL ACCURACY: 0.3826452600299765
LOSS: 1.216580867767334 ACCURACY: 0.1875
VAL LOSS: 1.2945706275624966 VAL ACCURACY: 0.32454128440366975
LOSS: 1.321916103363037 ACCURACY: 0.5
VAL LOSS: 1.289459020172784 VAL ACCURACY: 0.4009938838831875
LOSS: 1.476442813873291 ACCURACY: 0.125
VAL LOSS: 1.2724267206060778 VAL ACCURACY: 0.38436544351621504
LOSS: 1.2975716590881348 ACCURACY: 0.3125
VAL LOSS: 1.2774526717465953 VAL ACCURACY: 0.39870030590153616
LOSS: 1.226333737373352 ACCURACY: 0.25
VAL LOSS: 1.2904802517059746 VAL ACCURACY: 0.3941131499382334
LOSS: 1.3713557720184326 ACCURACY: 0.5
VAL LOSS: 1.2836602718458263 VAL ACCURACY: 0.3832186545253894
LOSS: 1.4296867847442627 ACCURACY: 0.25
VAL LOSS: 1.2829090012322872 VAL ACCURACY: 0.38035168204832515
LOSS: 1.529529094696045 ACCURACY: 0.125
VAL LOSS: 1.3006133759787324 VAL ACCURACY: 0.375
LOSS: 1.4567151069641113 ACCURACY: 0.125
VAL LOSS: 1.2725118097909 VAL ACCURACY: 0.3929663609474077
LOSS: 1.4290835857391357 ACCURACY: 0.1875
VAL LOSS: 1.2826255888020226 VAL ACCURACY: 0.3923929664519949
LOSS: 1.4236674308776855 ACCURACY: 0.375
VAL LOSS: 1.2959959091396507 VAL ACCURACY: 0.3780581040666738
LOSS: 1.208815097808838 ACCURACY: 0.5
VAL LOSS: 1.280582969341803 VAL ACCURACY: 0.36754587155963303
LOSS: 1.471657395362854 ACCURACY: 0.25
VAL LOSS: 1.292847240736725 VAL ACCURACY: 0.3608562692042884
LOSS: 1.2763047218322754 ACCURACY: 0.25
VAL LOSS: 1.3023851546672507 VAL ACCURACY: 0.40386085636025176
LOSS: 1.3666751384735107 ACCURACY: 0.125
VAL LOSS: 1.2883279000947234 VAL ACCURACY: 0.38149847103915085
LOSS: 1.2508686780929565 ACCURACY: 0.375
VAL LOSS: 1.2821820378303528 VAL ACCURACY: 0.39755351691071045
LOSS: 1.342219591140747 ACCURACY: 0.3125
VAL LOSS: 1.2783270150149635 VAL ACCURACY: 0.39353975544282055
LOSS: 1.3609325885772705 ACCURACY: 0.1875
VAL LOSS: 1.289463211090193 VAL ACCURACY: 0.34174311926605505
LOSS: 1.2717654705047607 ACCURACY: 0.4375
VAL LOSS: 1.307922964249182 VAL ACCURACY: 0.35493119266055045
LOSS: 1.3507379293441772 ACCURACY: 0.375
VAL LOSS: 1.2837077762008806 VAL ACCURACY: 0.3958333334244719
LOSS: 1.482886791229248 ACCURACY: 0.1875
VAL LOSS: 1.2898556267449615 VAL ACCURACY: 0.38837920498410494
LOSS: 1.2631899118423462 ACCURACY: 0.3125
VAL LOSS: 1.3022017954686367 VAL ACCURACY: 0.38035168204832515
LOSS: 1.3500334024429321 ACCURACY: 0.1875
VAL LOSS: 1.307334029346431 VAL ACCURACY: 0.3878058104886921
LOSS: 1.13796865940094 ACCURACY: 0.625
VAL LOSS: 1.2865918415402053 VAL ACCURACY: 0.347668195809793
LOSS: 1.416322946548462 ACCURACY: 0.25
VAL LOSS: 1.2750101494132926 VAL ACCURACY: 0.39067278296575636
LOSS: 1.3527034521102905 ACCURACY: 0.4375
VAL LOSS: 1.2997525328889898 VAL ACCURACY: 0.3769113150758481
LOSS: 1.3741931915283203 ACCURACY: 0.3125
VAL LOSS: 1.2781283609364011 VAL ACCURACY: 0.3964067279198848
LOSS: 1.4830600023269653 ACCURACY: 0.25
VAL LOSS: 1.3054960036496503 VAL ACCURACY: 0.39353975544282055
LOSS: 1.2259286642074585 ACCURACY: 0.5
VAL LOSS: 1.2922213033798637 VAL ACCURACY: 0.3866590214978664
LOSS: 1.352365493774414 ACCURACY: 0.25
VAL LOSS: 1.273973801814088 VAL ACCURACY: 0.4050076453510774
LOSS: 1.2064629793167114 ACCURACY: 0.4375
VAL LOSS: 1.2697019992618386 VAL ACCURACY: 0.39984709489236187
LOSS: 1.3505148887634277 ACCURACY: 0.4375
VAL LOSS: 1.2880107208129463 VAL ACCURACY: 0.3912461774611692
LOSS: 1.6689848899841309 ACCURACY: 0.125
VAL LOSS: 1.2895697486509972 VAL ACCURACY: 0.3866590214978664
LOSS: 1.2656220197677612 ACCURACY: 0.375
VAL LOSS: 1.2696488012961291 VAL ACCURACY: 0.39755351691071045
LOSS: 1.3501670360565186 ACCURACY: 0.5
VAL LOSS: 1.2935983467539516 VAL ACCURACY: 0.37633792058043525
LOSS: 1.3382527828216553 ACCURACY: 0.3125
VAL LOSS: 1.2823865358982611 VAL ACCURACY: 0.39870030590153616
LOSS: 1.3582661151885986 ACCURACY: 0.375
VAL LOSS: 1.2816650922145318 VAL ACCURACY: 0.3912461774611692
LOSS: 1.2132829427719116 ACCURACY: 0.3125
VAL LOSS: 1.2868010079095122 VAL ACCURACY: 0.410168195809793
LOSS: 1.4704582691192627 ACCURACY: 0.3125
VAL LOSS: 1.2890153609284567 VAL ACCURACY: 0.3964067279198848
LOSS: 1.5232057571411133 ACCURACY: 0.375
VAL LOSS: 1.2802573004993825 VAL ACCURACY: 0.38837920498410494
LOSS: 1.3276129961013794 ACCURACY: 0.3125
VAL LOSS: 1.2815410215920264 VAL ACCURACY: 0.3878058104886921
LOSS: 1.3451380729675293 ACCURACY: 0.375
VAL LOSS: 1.2984840689449135 VAL ACCURACY: 0.4004204893877747
LOSS: 1.3433642387390137 ACCURACY: 0.1875
VAL LOSS: 1.2881650208333217 VAL ACCURACY: 0.3862767585920631
LOSS: 1.303832769393921 ACCURACY: 0.4375
VAL LOSS: 1.2876378336083998 VAL ACCURACY: 0.3746177370941967
LOSS: 1.491530179977417 ACCURACY: 0.375
VAL LOSS: 1.2915782141029288 VAL ACCURACY: 0.37595565767463196
LOSS: 1.3273088932037354 ACCURACY: 0.3125
VAL LOSS: 1.28416659853874 VAL ACCURACY: 0.3832186545253894
LOSS: 1.1237008571624756 ACCURACY: 0.5
VAL LOSS: 1.2799182370168354 VAL ACCURACY: 0.39468654443364626
LOSS: 1.175627589225769 ACCURACY: 0.375
VAL LOSS: 1.2901895040765814 VAL ACCURACY: 0.4004204893877747
LOSS: 1.3964866399765015 ACCURACY: 0.375
VAL LOSS: 1.3007182385943352 VAL ACCURACY: 0.3400229357798165
LOSS: 1.2285702228546143 ACCURACY: 0.5625
VAL LOSS: 1.2818113302965777 VAL ACCURACY: 0.3964067279198848
LOSS: 1.391139268875122 ACCURACY: 0.5
VAL LOSS: 1.2877854125215373 VAL ACCURACY: 0.3780581040666738
LOSS: 1.1493699550628662 ACCURACY: 0.4375
VAL LOSS: 1.2839005720724754 VAL ACCURACY: 0.37633792058043525
LOSS: 1.4816784858703613 ACCURACY: 0.4375
VAL LOSS: 1.2962605548561166 VAL ACCURACY: 0.3878058104886921
LOSS: 1.2251999378204346 ACCURACY: 0.3125
VAL LOSS: 1.2675511694829398 VAL ACCURACY: 0.39812691140612333
LOSS: 1.467963695526123 ACCURACY: 0.375
VAL LOSS: 1.2848172510435822 VAL ACCURACY: 0.38551223250704075
LOSS: 1.303495168685913 ACCURACY: 0.1875
VAL LOSS: 1.289126463986318 VAL ACCURACY: 0.3845565751058246
LOSS: 1.1285021305084229 ACCURACY: 0.5625
VAL LOSS: 1.2791075148713698 VAL ACCURACY: 0.3774847095712609
LOSS: 1.391711711883545 ACCURACY: 0.3125
VAL LOSS: 1.287307943772832 VAL ACCURACY: 0.38952599397493065
LOSS: 1.288708209991455 ACCURACY: 0.625
VAL LOSS: 1.2937432013520407 VAL ACCURACY: 0.37920489305749944
LOSS: 1.17506742477417 ACCURACY: 0.6875
VAL LOSS: 1.2923094263864219 VAL ACCURACY: 0.39067278296575636
LOSS: 1.2232939004898071 ACCURACY: 0.3125
VAL LOSS: 1.2830806194095437 VAL ACCURACY: 0.36372324168135267
LOSS: 1.1783149242401123 ACCURACY: 0.5
VAL LOSS: 1.273311914653953 VAL ACCURACY: 0.3866590214978664
LOSS: 1.367211103439331 ACCURACY: 0.4375
VAL LOSS: 1.2799702226568799 VAL ACCURACY: 0.3860856270024536
LOSS: 1.141227126121521 ACCURACY: 0.5
VAL LOSS: 1.2747048292684993 VAL ACCURACY: 0.3878058104886921
LOSS: 1.347280502319336 ACCURACY: 0.25
VAL LOSS: 1.2920446532581924 VAL ACCURACY: 0.39201070354619155
LOSS: 1.4551422595977783 ACCURACY: 0.375
VAL LOSS: 1.2905032109776768 VAL ACCURACY: 0.3912461774611692
LOSS: 1.2639174461364746 ACCURACY: 0.1875
VAL LOSS: 1.2918465744464769 VAL ACCURACY: 0.3889525994795178
LOSS: 1.2438161373138428 ACCURACY: 0.375
VAL LOSS: 1.2965304835127034 VAL ACCURACY: 0.38493883801162787
LOSS: 1.1204115152359009 ACCURACY: 0.5
VAL LOSS: 1.287969412059959 VAL ACCURACY: 0.3958333334244719
LOSS: 1.3691656589508057 ACCURACY: 0.3125
VAL LOSS: 1.275213051826582 VAL ACCURACY: 0.4015672783786004
LOSS: 1.5365859270095825 ACCURACY: 0.25
VAL LOSS: 1.2757999557967579 VAL ACCURACY: 0.4021406728740132
LOSS: 1.4302875995635986 ACCURACY: 0.25
VAL LOSS: 1.2770366357007157 VAL ACCURACY: 0.3923929664519949
LOSS: 1.0931767225265503 ACCURACY: 0.5
VAL LOSS: 1.2893889371408236 VAL ACCURACY: 0.3780581040666738
LOSS: 1.265691876411438 ACCURACY: 0.5625
VAL LOSS: 1.3055240697816972 VAL ACCURACY: 0.399273700396949
LOSS: 1.2037770748138428 ACCURACY: 0.3125
VAL LOSS: 1.293749533115177 VAL ACCURACY: 0.3297018348623853
LOSS: 1.3207762241363525 ACCURACY: 0.375
VAL LOSS: 1.2895564781416446 VAL ACCURACY: 0.39755351691071045
LOSS: 1.3788601160049438 ACCURACY: 0.3125
VAL LOSS: 1.2891734247907587 VAL ACCURACY: 0.39812691140612333
LOSS: 1.288116216659546 ACCURACY: 0.375
VAL LOSS: 1.2704343741093207 VAL ACCURACY: 0.3929663609474077
LOSS: 1.3507895469665527 ACCURACY: 0.25
VAL LOSS: 1.3078476431172923 VAL ACCURACY: 0.3889525994795178
LOSS: 1.3985021114349365 ACCURACY: 0.3125
VAL LOSS: 1.282652923273384 VAL ACCURACY: 0.4084480123235545
LOSS: 1.4568878412246704 ACCURACY: 0.3125
VAL LOSS: 1.2777027323705341 VAL ACCURACY: 0.3889525994795178
LOSS: 1.3635668754577637 ACCURACY: 0.3125
VAL LOSS: 1.2743887316196336 VAL ACCURACY: 0.38493883801162787
LOSS: 1.403464913368225 ACCURACY: 0.5
VAL LOSS: 1.2809656519408619 VAL ACCURACY: 0.4021406728740132
LOSS: 1.2979477643966675 ACCURACY: 0.5
VAL LOSS: 1.2947410952060594 VAL ACCURACY: 0.3872324159932793
LOSS: 1.4459073543548584 ACCURACY: 0.5
VAL LOSS: 1.30235945740971 VAL ACCURACY: 0.3797782875529123
LOSS: 1.1945668458938599 ACCURACY: 0.375
VAL LOSS: 1.2800424897342646 VAL ACCURACY: 0.3964067279198848
LOSS: 1.4426777362823486 ACCURACY: 0.25
VAL LOSS: 1.313073941873848 VAL ACCURACY: 0.4009938838831875
LOSS: 1.3645799160003662 ACCURACY: 0.375
VAL LOSS: 1.3002256526859528 VAL ACCURACY: 0.39870030590153616
LOSS: 1.133035659790039 ACCURACY: 0.4375
VAL LOSS: 1.2922180037979687 VAL ACCURACY: 0.37519113158960954
LOSS: 1.4930477142333984 ACCURACY: 0.3125
VAL LOSS: 1.2717547285447426 VAL ACCURACY: 0.4004204893877747
LOSS: 1.1515398025512695 ACCURACY: 0.3125
VAL LOSS: 1.30356415914833 VAL ACCURACY: 0.3606651376146789
LOSS: 1.3048431873321533 ACCURACY: 0.375
VAL LOSS: 1.3141295275556932 VAL ACCURACY: 0.35798929672722424
LOSS: 1.1392312049865723 ACCURACY: 0.3125
VAL LOSS: 1.2895146083394322 VAL ACCURACY: 0.3889525994795178
LOSS: 1.3364341259002686 ACCURACY: 0.1875
VAL LOSS: 1.2808414730456992 VAL ACCURACY: 0.33658256880733944
LOSS: 1.1833727359771729 ACCURACY: 0.4375
VAL LOSS: 1.28160934929454 VAL ACCURACY: 0.3958333334244719
LOSS: 1.4508156776428223 ACCURACY: 0.25
VAL LOSS: 1.2922527330731033 VAL ACCURACY: 0.3291284403669725
LOSS: 1.271772861480713 ACCURACY: 0.4375
VAL LOSS: 1.2908363878180127 VAL ACCURACY: 0.3900993884703435
LOSS: 1.1370134353637695 ACCURACY: 0.375
VAL LOSS: 1.2962834928013862 VAL ACCURACY: 0.3769113150758481
LOSS: 1.241066336631775 ACCURACY: 0.25
VAL LOSS: 1.2960183658731093 VAL ACCURACY: 0.3297018348623853
LOSS: 1.5804569721221924 ACCURACY: 0.25
VAL LOSS: 1.277890598008392 VAL ACCURACY: 0.4032874618648389
LOSS: 1.2128427028656006 ACCURACY: 0.5
VAL LOSS: 1.2920458130880232 VAL ACCURACY: 0.3900993884703435
LOSS: 1.4035670757293701 ACCURACY: 0.25
VAL LOSS: 1.2822094608884338 VAL ACCURACY: 0.4044342508556646
LOSS: 1.0641450881958008 ACCURACY: 0.4375
VAL LOSS: 1.2962333138929594 VAL ACCURACY: 0.3633409787755494
LOSS: 1.270739197731018 ACCURACY: 0.5
VAL LOSS: 1.2932011414011684 VAL ACCURACY: 0.380925076543738
LOSS: 1.5330393314361572 ACCURACY: 0.25
VAL LOSS: 1.2777777412615785 VAL ACCURACY: 0.40386085636025176
LOSS: 1.2359790802001953 ACCURACY: 0.375
VAL LOSS: 1.2864602137049403 VAL ACCURACY: 0.3811162081333475
LOSS: 1.6626980304718018 ACCURACY: 0.3125
VAL LOSS: 1.2740960367229006 VAL ACCURACY: 0.380925076543738
LOSS: 1.5889514684677124 ACCURACY: 0.1875
VAL LOSS: 1.281214272757189 VAL ACCURACY: 0.4009938838831875
LOSS: 1.548844814300537 ACCURACY: 0.1875
VAL LOSS: 1.2799391237967606 VAL ACCURACY: 0.34900611639022827
LOSS: 1.3340740203857422 ACCURACY: 0.3125
VAL LOSS: 1.3085664937255579 VAL ACCURACY: 0.39755351691071045
LOSS: 1.209859848022461 ACCURACY: 0.6875
VAL LOSS: 1.2758441474459588 VAL ACCURACY: 0.38436544351621504
LOSS: 1.3283030986785889 ACCURACY: 0.5
VAL LOSS: 1.2859174100630875 VAL ACCURACY: 0.38551223250704075
LOSS: 1.0354809761047363 ACCURACY: 0.25
VAL LOSS: 1.2909873953653037 VAL ACCURACY: 0.3820718655345637
LOSS: 1.4273591041564941 ACCURACY: 0.3125
VAL LOSS: 1.2843823635250056 VAL ACCURACY: 0.3964067279198848
LOSS: 1.1170531511306763 ACCURACY: 0.625
VAL LOSS: 1.27796364377398 VAL ACCURACY: 0.3952599389290591
LOSS: 1.409829020500183 ACCURACY: 0.25
VAL LOSS: 1.2833357322106667 VAL ACCURACY: 0.4015672783786004
LOSS: 1.3022561073303223 ACCURACY: 0.4375
VAL LOSS: 1.2997367978096008 VAL ACCURACY: 0.32396788990825687
LOSS: 1.3384311199188232 ACCURACY: 0.4375
VAL LOSS: 1.2925841786445829 VAL ACCURACY: 0.3969801224152976
LOSS: 1.433717966079712 ACCURACY: 0.3125
VAL LOSS: 1.2784030847593184 VAL ACCURACY: 0.3952599389290591
LOSS: 1.1098840236663818 ACCURACY: 0.5
VAL LOSS: 1.284320816534375 VAL ACCURACY: 0.3593272173076595
LOSS: 1.3501664400100708 ACCURACY: 0.4375
VAL LOSS: 1.2970228709212137 VAL ACCURACY: 0.36353211009174313
LOSS: 1.3579738140106201 ACCURACY: 0.375
VAL LOSS: 1.2718460237214324 VAL ACCURACY: 0.3900993884703435
LOSS: 1.6268620491027832 ACCURACY: 0.3125
VAL LOSS: 1.288893757610146 VAL ACCURACY: 0.38952599397493065
LOSS: 1.2933542728424072 ACCURACY: 0.4375
VAL LOSS: 1.304438956286929 VAL ACCURACY: 0.39353975544282055
LOSS: 1.2767744064331055 ACCURACY: 0.5
VAL LOSS: 1.274157673940746 VAL ACCURACY: 0.4004204893877747
LOSS: 1.4137380123138428 ACCURACY: 0.375
VAL LOSS: 1.2957568726408373 VAL ACCURACY: 0.3969801224152976
LOSS: 1.2181980609893799 ACCURACY: 0.4375
VAL LOSS: 1.2688668588979528 VAL ACCURACY: 0.37519113158960954
LOSS: 1.4666268825531006 ACCURACY: 0.3125
VAL LOSS: 1.2918928489772552 VAL ACCURACY: 0.39353975544282055
LOSS: 1.166749119758606 ACCURACY: 0.4375
VAL LOSS: 1.2850822193906941 VAL ACCURACY: 0.36601681966300403
LOSS: 1.2551610469818115 ACCURACY: 0.375
VAL LOSS: 1.3239440305517354 VAL ACCURACY: 0.3411697247706422
LOSS: 1.188028335571289 ACCURACY: 0.25
VAL LOSS: 1.3150296484658477 VAL ACCURACY: 0.34422782883731595
LOSS: 1.4412338733673096 ACCURACY: 0.375
VAL LOSS: 1.2696267628888471 VAL ACCURACY: 0.3826452600299765
LOSS: 1.391438603401184 ACCURACY: 0.25
VAL LOSS: 1.2826022522165141 VAL ACCURACY: 0.3900993884703435
LOSS: 1.3088674545288086 ACCURACY: 0.1875
VAL LOSS: 1.280547286392352 VAL ACCURACY: 0.40730122333272883
LOSS: 1.4046216011047363 ACCURACY: 0.375
VAL LOSS: 1.2805833050964075 VAL ACCURACY: 0.3958333334244719
LOSS: 1.4403533935546875 ACCURACY: 0.3125
VAL LOSS: 1.2953270947167632 VAL ACCURACY: 0.40271406736942605
LOSS: 1.307078242301941 ACCURACY: 0.25
VAL LOSS: 1.2856850175682557 VAL ACCURACY: 0.3889525994795178
LOSS: 1.2679316997528076 ACCURACY: 0.375
VAL LOSS: 1.2771636116395302 VAL ACCURACY: 0.39984709489236187
LOSS: 1.4079256057739258 ACCURACY: 0.4375
VAL LOSS: 1.297683818624654 VAL ACCURACY: 0.37576452608502237
LOSS: 1.2414538860321045 ACCURACY: 0.25
VAL LOSS: 1.299002053540781 VAL ACCURACY: 0.356651376146789
LOSS: 1.3133126497268677 ACCURACY: 0.3125
VAL LOSS: 1.3010305352167253 VAL ACCURACY: 0.3621941897847237
LOSS: 1.1626900434494019 ACCURACY: 0.5
VAL LOSS: 1.284741550957391 VAL ACCURACY: 0.38551223250704075
LOSS: 1.1774811744689941 ACCURACY: 0.4375
VAL LOSS: 1.2987239721718185 VAL ACCURACY: 0.3744266055045872
LOSS: 1.5004520416259766 ACCURACY: 0.25
VAL LOSS: 1.2866125642706494 VAL ACCURACY: 0.3591360857180499
LOSS: 1.491822600364685 ACCURACY: 0.4375
VAL LOSS: 1.2959627459902283 VAL ACCURACY: 0.3797782875529123
LOSS: 1.1893404722213745 ACCURACY: 0.4375
VAL LOSS: 1.2772077278259697 VAL ACCURACY: 0.4050076453510774
LOSS: 1.4226676225662231 ACCURACY: 0.4375
VAL LOSS: 1.2949150789768324 VAL ACCURACY: 0.3363914374911457
LOSS: 1.2770628929138184 ACCURACY: 0.375
VAL LOSS: 1.2727755833109584 VAL ACCURACY: 0.391819571956582
LOSS: 1.4081603288650513 ACCURACY: 0.3125
VAL LOSS: 1.2690313146748673 VAL ACCURACY: 0.3923929664519949
LOSS: 1.1783279180526733 ACCURACY: 0.375
VAL LOSS: 1.2880105469204963 VAL ACCURACY: 0.3969801224152976
LOSS: 1.4134671688079834 ACCURACY: 0.375
VAL LOSS: 1.2784724935479121 VAL ACCURACY: 0.38837920498410494
LOSS: 1.3061647415161133 ACCURACY: 0.5625
VAL LOSS: 1.3030004692733834 VAL ACCURACY: 0.37920489305749944
LOSS: 1.2418556213378906 ACCURACY: 0.375
VAL LOSS: 1.2933220846937337 VAL ACCURACY: 0.3929663609474077
LOSS: 1.3331574201583862 ACCURACY: 0.25
VAL LOSS: 1.2875615385694241 VAL ACCURACY: 0.3832186545253894
LOSS: 1.2291041612625122 ACCURACY: 0.3125
VAL LOSS: 1.2782003212412563 VAL ACCURACY: 0.3964067279198848
LOSS: 1.3724437952041626 ACCURACY: 0.25
VAL LOSS: 1.2917650697428151 VAL ACCURACY: 0.39468654443364626
LOSS: 1.2621822357177734 ACCURACY: 0.4375
VAL LOSS: 1.2924734796952764 VAL ACCURACY: 0.3797782875529123
LOSS: 1.2002735137939453 ACCURACY: 0.5
VAL LOSS: 1.3024061010518204 VAL ACCURACY: 0.3774847095712609
LOSS: 1.08670973777771 ACCURACY: 0.625
VAL LOSS: 1.2840905873053665 VAL ACCURACY: 0.38493883801162787
LOSS: 1.142351508140564 ACCURACY: 0.5
VAL LOSS: 1.2774707237514882 VAL ACCURACY: 0.40271406736942605
LOSS: 1.6771539449691772 ACCURACY: 0.3125
VAL LOSS: 1.2711261795201432 VAL ACCURACY: 0.39812691140612333
LOSS: 1.106495976448059 ACCURACY: 0.5625
VAL LOSS: 1.2763813154413066 VAL ACCURACY: 0.3872324159932793
LOSS: 1.4767475128173828 ACCURACY: 0.375
VAL LOSS: 1.2872554074733629 VAL ACCURACY: 0.3929663609474077
LOSS: 1.3263065814971924 ACCURACY: 0.3125
VAL LOSS: 1.2882830210781973 VAL ACCURACY: 0.3342889908256881
LOSS: 1.2608788013458252 ACCURACY: 0.375
VAL LOSS: 1.2737159745408855 VAL ACCURACY: 0.391819571956582
LOSS: 1.2823714017868042 ACCURACY: 0.4375
VAL LOSS: 1.2868980557546703 VAL ACCURACY: 0.3958333334244719
LOSS: 1.3637206554412842 ACCURACY: 0.25
VAL LOSS: 1.29657057447171 VAL ACCURACY: 0.4009938838831875
LOSS: 1.144112229347229 ACCURACY: 0.375
VAL LOSS: 1.288491594682046 VAL ACCURACY: 0.3912461774611692
LOSS: 1.3319728374481201 ACCURACY: 0.3125
VAL LOSS: 1.2769799106711641 VAL ACCURACY: 0.4050076453510774
LOSS: 1.1721376180648804 ACCURACY: 0.3125
VAL LOSS: 1.3105231698499906 VAL ACCURACY: 0.37519113158960954
LOSS: 1.5982403755187988 ACCURACY: 0.125
VAL LOSS: 1.2826226545036385 VAL ACCURACY: 0.4032874618648389
LOSS: 1.2539669275283813 ACCURACY: 0.3125
VAL LOSS: 1.2806620078349331 VAL ACCURACY: 0.4032874618648389
LOSS: 1.5004584789276123 ACCURACY: 0.375
VAL LOSS: 1.285393945667722 VAL ACCURACY: 0.3872324159932793
LOSS: 1.2179287672042847 ACCURACY: 0.3125
VAL LOSS: 1.290860432003616 VAL ACCURACY: 0.38398318061041176
LOSS: 1.5132458209991455 ACCURACY: 0.1875
VAL LOSS: 1.283083492462788 VAL ACCURACY: 0.399273700396949
LOSS: 1.2717106342315674 ACCURACY: 0.5
VAL LOSS: 1.2970101844280137 VAL ACCURACY: 0.3952599389290591
LOSS: 1.2049560546875 ACCURACY: 0.3125
VAL LOSS: 1.3040285274523113 VAL ACCURACY: 0.3929663609474077
LOSS: 1.5934500694274902 ACCURACY: 0.125
VAL LOSS: 1.3035147397890003 VAL ACCURACY: 0.3900993884703435
LOSS: 1.220300316810608 ACCURACY: 0.3125
VAL LOSS: 1.293307557018525 VAL ACCURACY: 0.3797782875529123
LOSS: 1.3278015851974487 ACCURACY: 0.0625
VAL LOSS: 1.2732342765965592 VAL ACCURACY: 0.4009938838831875
LOSS: 1.3873846530914307 ACCURACY: 0.5
VAL LOSS: 1.307096317273761 VAL ACCURACY: 0.380925076543738
LOSS: 1.1543675661087036 ACCURACY: 0.4375
VAL LOSS: 1.279854445829304 VAL ACCURACY: 0.38551223250704075
LOSS: 1.284010648727417 ACCURACY: 0.3125
VAL LOSS: 1.2991218599704428 VAL ACCURACY: 0.3786314985620866
LOSS: 1.312360167503357 ACCURACY: 0.4375
VAL LOSS: 1.2903750019335964 VAL ACCURACY: 0.39258409804160443
LOSS: 1.3356900215148926 ACCURACY: 0.375
VAL LOSS: 1.2940131261808063 VAL ACCURACY: 0.3866590214978664
LOSS: 1.4352216720581055 ACCURACY: 0.3125
VAL LOSS: 1.3152120441471764 VAL ACCURACY: 0.3333333334244719
LOSS: 1.2820631265640259 ACCURACY: 0.5
VAL LOSS: 1.293569814174547 VAL ACCURACY: 0.36659021415841686
LOSS: 1.127130150794983 ACCURACY: 0.5
VAL LOSS: 1.290090619970899 VAL ACCURACY: 0.3832186545253894
LOSS: 1.38071608543396 ACCURACY: 0.4375
VAL LOSS: 1.2718921101421392 VAL ACCURACY: 0.39353975544282055
LOSS: 1.1743149757385254 ACCURACY: 0.375
VAL LOSS: 1.2741694133216088 VAL ACCURACY: 0.3642966361767655
LOSS: 1.1803432703018188 ACCURACY: 0.5
VAL LOSS: 1.3050208660440707 VAL ACCURACY: 0.3941131499382334
LOSS: 1.1642640829086304 ACCURACY: 0.25
VAL LOSS: 1.3114207370565572 VAL ACCURACY: 0.30905963302752293
LOSS: 1.3765053749084473 ACCURACY: 0.25
VAL LOSS: 1.2868767522890634 VAL ACCURACY: 0.37920489305749944
LOSS: 1.438244104385376 ACCURACY: 0.375
VAL LOSS: 1.2922966873973882 VAL ACCURACY: 0.38837920498410494
LOSS: 1.299875020980835 ACCURACY: 0.5
VAL LOSS: 1.2698481569596387 VAL ACCURACY: 0.4061544343419031
LOSS: 1.456820011138916 ACCURACY: 0.4375
VAL LOSS: 1.2838931641447435 VAL ACCURACY: 0.3900993884703435
LOSS: 1.5563958883285522 ACCURACY: 0.1875
VAL LOSS: 1.3033720757983147 VAL ACCURACY: 0.34652140681896737
LOSS: 1.398871898651123 ACCURACY: 0.4375
VAL LOSS: 1.2901428183284374 VAL ACCURACY: 0.3912461774611692
LOSS: 1.89639151096344 ACCURACY: 0.1875
VAL LOSS: 1.2834288904426294 VAL ACCURACY: 0.4009938838831875
LOSS: 1.3705813884735107 ACCURACY: 0.3125
VAL LOSS: 1.2877214660338305 VAL ACCURACY: 0.36754587155963303
LOSS: 1.331723928451538 ACCURACY: 0.375
VAL LOSS: 1.2910451921847983 VAL ACCURACY: 0.3941131499382334
LOSS: 1.34115731716156 ACCURACY: 0.5625
VAL LOSS: 1.293270965234949 VAL ACCURACY: 0.3694571866354811
LOSS: 1.3636996746063232 ACCURACY: 0.25
VAL LOSS: 1.2865081905225002 VAL ACCURACY: 0.3952599389290591
LOSS: 1.0694830417633057 ACCURACY: 0.4375
VAL LOSS: 1.2765896894516202 VAL ACCURACY: 0.399273700396949
LOSS: 1.3723138570785522 ACCURACY: 0.1875
VAL LOSS: 1.3019295466055565 VAL ACCURACY: 0.3623853211009174
LOSS: 1.4149417877197266 ACCURACY: 0.1875
VAL LOSS: 1.2814654614947258 VAL ACCURACY: 0.39984709489236187
LOSS: 1.0588452816009521 ACCURACY: 0.4375
VAL LOSS: 1.2777607271430689 VAL ACCURACY: 0.3740443425987839
LOSS: 1.514721393585205 ACCURACY: 0.3125
VAL LOSS: 1.2857203450771646 VAL ACCURACY: 0.3832186545253894
LOSS: 1.2766003608703613 ACCURACY: 0.3125
VAL LOSS: 1.2858377137315382 VAL ACCURACY: 0.3969801224152976
LOSS: 1.222265601158142 ACCURACY: 0.375
VAL LOSS: 1.2954319737373141 VAL ACCURACY: 0.3923929664519949
LOSS: 1.487094759941101 ACCURACY: 0.375
VAL LOSS: 1.281303868928087 VAL ACCURACY: 0.37117737012171964
LOSS: 1.2713017463684082 ACCURACY: 0.375
VAL LOSS: 1.2970818926434997 VAL ACCURACY: 0.39353975544282055
LOSS: 1.4422883987426758 ACCURACY: 0.1875
VAL LOSS: 1.2897573304832528 VAL ACCURACY: 0.3837920490208022
LOSS: 1.1857165098190308 ACCURACY: 0.25
VAL LOSS: 1.2815831128610384 VAL ACCURACY: 0.3912461774611692
LOSS: 1.0743811130523682 ACCURACY: 0.5
VAL LOSS: 1.2982104371447083 VAL ACCURACY: 0.35856269122263706
LOSS: 1.5021934509277344 ACCURACY: 0.4375
VAL LOSS: 1.3075058285249483 VAL ACCURACY: 0.37519113158960954
LOSS: 1.3877739906311035 ACCURACY: 0.1875
VAL LOSS: 1.2970719381209908 VAL ACCURACY: 0.3291284403669725
LOSS: 1.2203030586242676 ACCURACY: 0.375
VAL LOSS: 1.2843641502047898 VAL ACCURACY: 0.338302752293578
LOSS: 1.2570984363555908 ACCURACY: 0.375
VAL LOSS: 1.2836869271523361 VAL ACCURACY: 0.386850153087476
LOSS: 1.3148983716964722 ACCURACY: 0.25
VAL LOSS: 1.276833641419717 VAL ACCURACY: 0.3912461774611692
LOSS: 1.376652717590332 ACCURACY: 0.1875
VAL LOSS: 1.2925486816178768 VAL ACCURACY: 0.3577981651376147
LOSS: 1.420853614807129 ACCURACY: 0.5
VAL LOSS: 1.321220167186282 VAL ACCURACY: 0.34537461782814166
LOSS: 1.325209617614746 ACCURACY: 0.3125
VAL LOSS: 1.2867996884048531 VAL ACCURACY: 0.38837920498410494
LOSS: 1.0981345176696777 ACCURACY: 0.5
VAL LOSS: 1.2864900920369209 VAL ACCURACY: 0.38149847103915085
LOSS: 1.1206754446029663 ACCURACY: 0.4375
VAL LOSS: 1.2752951624196605 VAL ACCURACY: 0.380925076543738
LOSS: 1.3201099634170532 ACCURACY: 0.25
VAL LOSS: 1.2818600907238251 VAL ACCURACY: 0.39353975544282055
LOSS: 1.4061603546142578 ACCURACY: 0.1875
VAL LOSS: 1.307426364049999 VAL ACCURACY: 0.3912461774611692
LOSS: 1.3170897960662842 ACCURACY: 0.3125
VAL LOSS: 1.2873642532103653 VAL ACCURACY: 0.39984709489236187
LOSS: 1.226888656616211 ACCURACY: 0.3125
VAL LOSS: 1.2831613672982662 VAL ACCURACY: 0.39430428152784297
LOSS: 1.2361382246017456 ACCURACY: 0.5
VAL LOSS: 1.295767443989395 VAL ACCURACY: 0.3900993884703435
LOSS: 1.3785881996154785 ACCURACY: 0.5
VAL LOSS: 1.2839272148018583 VAL ACCURACY: 0.3860856270024536
LOSS: 1.3458507061004639 ACCURACY: 0.375
VAL LOSS: 1.2857334898152482 VAL ACCURACY: 0.3941131499382334
LOSS: 1.3547923564910889 ACCURACY: 0.375
VAL LOSS: 1.2880828730556944 VAL ACCURACY: 0.349197247706422
LOSS: 1.223420262336731 ACCURACY: 0.375
VAL LOSS: 1.2887197738393732 VAL ACCURACY: 0.3900993884703435
LOSS: 1.5202826261520386 ACCURACY: 0.25
VAL LOSS: 1.2876531235668638 VAL ACCURACY: 0.3872324159932793
LOSS: 1.7574710845947266 ACCURACY: 0.25
VAL LOSS: 1.2946580987457836 VAL ACCURACY: 0.3837920490208022
LOSS: 1.3808214664459229 ACCURACY: 0.5
VAL LOSS: 1.2883321402269765 VAL ACCURACY: 0.3845565751058246
LOSS: 1.1244618892669678 ACCURACY: 0.5
VAL LOSS: 1.3039922736106662 VAL ACCURACY: 0.380925076543738
LOSS: 1.2583504915237427 ACCURACY: 0.375
VAL LOSS: 1.2988643241584847 VAL ACCURACY: 0.373470948103371
LOSS: 1.116546630859375 ACCURACY: 0.375
VAL LOSS: 1.2804134581067146 VAL ACCURACY: 0.4044342508556646
LOSS: 1.1530165672302246 ACCURACY: 0.375
VAL LOSS: 1.2909082491463477 VAL ACCURACY: 0.3941131499382334
LOSS: 1.433412790298462 ACCURACY: 0.375
VAL LOSS: 1.2889074141826105 VAL ACCURACY: 0.3872324159932793
LOSS: 1.5005872249603271 ACCURACY: 0.375
VAL LOSS: 1.2822129458462426 VAL ACCURACY: 0.3952599389290591
LOSS: 1.2750529050827026 ACCURACY: 0.3125
VAL LOSS: 1.2797014762502197 VAL ACCURACY: 0.38837920498410494
LOSS: 1.1603517532348633 ACCURACY: 0.6875
VAL LOSS: 1.2995620244139925 VAL ACCURACY: 0.37175076461713247
LOSS: 1.2990717887878418 ACCURACY: 0.375
VAL LOSS: 1.2852313770066708 VAL ACCURACY: 0.3969801224152976
LOSS: 1.3650672435760498 ACCURACY: 0.5
VAL LOSS: 1.2777844623688164 VAL ACCURACY: 0.39353975544282055
Saving model...
