CUDA is working
**BEFORE CLEANING** Dataset size: 5576
  0%|          | 0/101 [00:00<?, ?it/s]/home/leciojor/passing/data.py:373: FutureWarning: A value is trying to be set on a copy of a DataFrame or Series through chained assignment using an inplace method.
The behavior will change in pandas 3.0. This inplace method will never work because the intermediate object on which we are setting values always behaves as a copy.

For example, when doing 'df[col].method(value, inplace=True)', try using 'df.method({col: value}, inplace=True)' or df[col] = df[col].method(value) instead, to perform the operation inplace on the original object.


  self.data[col].fillna(self.data[col].mode()[0], inplace=True)
/home/leciojor/passing/data.py:373: FutureWarning: A value is trying to be set on a copy of a DataFrame or Series through chained assignment using an inplace method.
The behavior will change in pandas 3.0. This inplace method will never work because the intermediate object on which we are setting values always behaves as a copy.

For example, when doing 'df[col].method(value, inplace=True)', try using 'df.method({col: value}, inplace=True)' or df[col] = df[col].method(value) instead, to perform the operation inplace on the original object.


  self.data[col].fillna(self.data[col].mode()[0], inplace=True)
/home/leciojor/passing/data.py:373: FutureWarning: A value is trying to be set on a copy of a DataFrame or Series through chained assignment using an inplace method.
The behavior will change in pandas 3.0. This inplace method will never work because the intermediate object on which we are setting values always behaves as a copy.

For example, when doing 'df[col].method(value, inplace=True)', try using 'df.method({col: value}, inplace=True)' or df[col] = df[col].method(value) instead, to perform the operation inplace on the original object.


  self.data[col].fillna(self.data[col].mode()[0], inplace=True)
/home/leciojor/passing/data.py:373: FutureWarning: A value is trying to be set on a copy of a DataFrame or Series through chained assignment using an inplace method.
The behavior will change in pandas 3.0. This inplace method will never work because the intermediate object on which we are setting values always behaves as a copy.

For example, when doing 'df[col].method(value, inplace=True)', try using 'df.method({col: value}, inplace=True)' or df[col] = df[col].method(value) instead, to perform the operation inplace on the original object.


  self.data[col].fillna(self.data[col].mode()[0], inplace=True)
/home/leciojor/passing/data.py:373: FutureWarning: A value is trying to be set on a copy of a DataFrame or Series through chained assignment using an inplace method.
The behavior will change in pandas 3.0. This inplace method will never work because the intermediate object on which we are setting values always behaves as a copy.

For example, when doing 'df[col].method(value, inplace=True)', try using 'df.method({col: value}, inplace=True)' or df[col] = df[col].method(value) instead, to perform the operation inplace on the original object.


  self.data[col].fillna(self.data[col].mode()[0], inplace=True)
/home/leciojor/passing/data.py:373: FutureWarning: A value is trying to be set on a copy of a DataFrame or Series through chained assignment using an inplace method.
The behavior will change in pandas 3.0. This inplace method will never work because the intermediate object on which we are setting values always behaves as a copy.

For example, when doing 'df[col].method(value, inplace=True)', try using 'df.method({col: value}, inplace=True)' or df[col] = df[col].method(value) instead, to perform the operation inplace on the original object.


  self.data[col].fillna(self.data[col].mode()[0], inplace=True)
/home/leciojor/passing/data.py:373: FutureWarning: A value is trying to be set on a copy of a DataFrame or Series through chained assignment using an inplace method.
The behavior will change in pandas 3.0. This inplace method will never work because the intermediate object on which we are setting values always behaves as a copy.

For example, when doing 'df[col].method(value, inplace=True)', try using 'df.method({col: value}, inplace=True)' or df[col] = df[col].method(value) instead, to perform the operation inplace on the original object.


  self.data[col].fillna(self.data[col].mode()[0], inplace=True)
/home/leciojor/passing/data.py:373: FutureWarning: A value is trying to be set on a copy of a DataFrame or Series through chained assignment using an inplace method.
The behavior will change in pandas 3.0. This inplace method will never work because the intermediate object on which we are setting values always behaves as a copy.

For example, when doing 'df[col].method(value, inplace=True)', try using 'df.method({col: value}, inplace=True)' or df[col] = df[col].method(value) instead, to perform the operation inplace on the original object.


  self.data[col].fillna(self.data[col].mode()[0], inplace=True)
/home/leciojor/passing/data.py:373: FutureWarning: A value is trying to be set on a copy of a DataFrame or Series through chained assignment using an inplace method.
The behavior will change in pandas 3.0. This inplace method will never work because the intermediate object on which we are setting values always behaves as a copy.

For example, when doing 'df[col].method(value, inplace=True)', try using 'df.method({col: value}, inplace=True)' or df[col] = df[col].method(value) instead, to perform the operation inplace on the original object.


  self.data[col].fillna(self.data[col].mode()[0], inplace=True)
/home/leciojor/passing/data.py:373: FutureWarning: A value is trying to be set on a copy of a DataFrame or Series through chained assignment using an inplace method.
The behavior will change in pandas 3.0. This inplace method will never work because the intermediate object on which we are setting values always behaves as a copy.

For example, when doing 'df[col].method(value, inplace=True)', try using 'df.method({col: value}, inplace=True)' or df[col] = df[col].method(value) instead, to perform the operation inplace on the original object.


  self.data[col].fillna(self.data[col].mode()[0], inplace=True)
/home/leciojor/passing/data.py:373: FutureWarning: A value is trying to be set on a copy of a DataFrame or Series through chained assignment using an inplace method.
The behavior will change in pandas 3.0. This inplace method will never work because the intermediate object on which we are setting values always behaves as a copy.

For example, when doing 'df[col].method(value, inplace=True)', try using 'df.method({col: value}, inplace=True)' or df[col] = df[col].method(value) instead, to perform the operation inplace on the original object.


  self.data[col].fillna(self.data[col].mode()[0], inplace=True)
100%|██████████| 101/101 [00:00<00:00, 2914.27it/s]
  0%|          | 0/179 [00:00<?, ?it/s]100%|██████████| 179/179 [00:00<00:00, 4989.44it/s]
**AFTER CLEANING** Dataset size: 5576
LOSS: 70.31771850585938 ACCURACY: 0.5
VAL LOSS: 78.62373046875 VAL ACCURACY: 0.48282967124666487
LOSS: 32.961769104003906 ACCURACY: 0.625
VAL LOSS: 73.96529911586217 VAL ACCURACY: 0.5425824182374137
LOSS: 22.17499351501465 ACCURACY: 0.625
VAL LOSS: 77.51203874860491 VAL ACCURACY: 0.6010989018848965
LOSS: 33.68672180175781 ACCURACY: 0.4375
VAL LOSS: 75.00306886945452 VAL ACCURACY: 0.5703296712466649
LOSS: 99.70356750488281 ACCURACY: 0.5625
VAL LOSS: 77.4972696031843 VAL ACCURACY: 0.5497252753802708
LOSS: 75.47052001953125 ACCURACY: 0.375
VAL LOSS: 80.13065496172224 VAL ACCURACY: 0.6086538468088423
LOSS: 61.968894958496094 ACCURACY: 0.375
VAL LOSS: 77.54105927603585 VAL ACCURACY: 0.5711538468088423
LOSS: 38.527442932128906 ACCURACY: 0.625
VAL LOSS: 81.35449229649134 VAL ACCURACY: 0.5961538468088422
LOSS: 49.078338623046875 ACCURACY: 0.6875
VAL LOSS: 77.60339671543666 VAL ACCURACY: 0.556868132523128
LOSS: 41.41962814331055 ACCURACY: 0.6875
VAL LOSS: 76.31287994384766 VAL ACCURACY: 0.5800824182374137
LOSS: 69.94495391845703 ACCURACY: 0.8125
VAL LOSS: 78.76759441920689 VAL ACCURACY: 0.6140109896659851
LOSS: 42.50095748901367 ACCURACY: 0.75
VAL LOSS: 76.96701927185059 VAL ACCURACY: 0.5640109896659851
LOSS: 71.64585876464844 ACCURACY: 0.5625
VAL LOSS: 83.49614290509905 VAL ACCURACY: 0.567170330456325
LOSS: 63.42890167236328 ACCURACY: 0.6875
VAL LOSS: 81.80098975045341 VAL ACCURACY: 0.5697802203042167
LOSS: 30.080101013183594 ACCURACY: 0.75
VAL LOSS: 77.18262868608747 VAL ACCURACY: 0.5880494509424482
LOSS: 131.69009399414062 ACCURACY: 0.5
VAL LOSS: 80.78465766906739 VAL ACCURACY: 0.5925824182374136
LOSS: 32.98625946044922 ACCURACY: 0.625
VAL LOSS: 74.76405950273787 VAL ACCURACY: 0.5858516488756452
LOSS: 69.6654281616211 ACCURACY: 0.625
VAL LOSS: 81.92239194597516 VAL ACCURACY: 0.5640109896659851
LOSS: 24.51338005065918 ACCURACY: 0.625
VAL LOSS: 80.1919926234654 VAL ACCURACY: 0.5822802203042167
LOSS: 46.08136749267578 ACCURACY: 0.625
VAL LOSS: 77.35036174229214 VAL ACCURACY: 0.5751373631613595
LOSS: 37.45995330810547 ACCURACY: 0.625
VAL LOSS: 77.3750210898263 VAL ACCURACY: 0.5929945060185023
LOSS: 44.83658218383789 ACCURACY: 0.625
VAL LOSS: 74.91744897024972 VAL ACCURACY: 0.5957417590277535
LOSS: 68.03582000732422 ACCURACY: 0.5625
VAL LOSS: 76.23527183532715 VAL ACCURACY: 0.5725274733134679
LOSS: 29.517284393310547 ACCURACY: 0.75
VAL LOSS: 75.92543149675642 VAL ACCURACY: 0.5729395610945566
LOSS: 46.27305603027344 ACCURACY: 0.625
VAL LOSS: 78.30002446855818 VAL ACCURACY: 0.5653846161706108
LOSS: 34.41344451904297 ACCURACY: 0.625
VAL LOSS: 76.07175668988909 VAL ACCURACY: 0.5528846161706107
LOSS: 38.880435943603516 ACCURACY: 0.5625
VAL LOSS: 75.93611270359584 VAL ACCURACY: 0.5689560447420393
LOSS: 19.833017349243164 ACCURACY: 0.75
VAL LOSS: 76.25098233904157 VAL ACCURACY: 0.5729395610945566
LOSS: 36.96467590332031 ACCURACY: 0.5625
VAL LOSS: 76.16408168247767 VAL ACCURACY: 0.6019230774470739
LOSS: 33.811553955078125 ACCURACY: 0.625
VAL LOSS: 76.76082262311662 VAL ACCURACY: 0.581868132523128
LOSS: 19.227783203125 ACCURACY: 0.8125
VAL LOSS: 74.69183883666992 VAL ACCURACY: 0.5733516488756453
LOSS: 48.36029815673828 ACCURACY: 0.75
VAL LOSS: 78.79607843671526 VAL ACCURACY: 0.592170330456325
LOSS: 28.769546508789062 ACCURACY: 0.625
VAL LOSS: 77.57869758605958 VAL ACCURACY: 0.556868132523128
LOSS: 219.735107421875 ACCURACY: 0.375
VAL LOSS: 78.2651635306222 VAL ACCURACY: 0.5765109896659851
LOSS: 15.59156608581543 ACCURACY: 0.8125
VAL LOSS: 78.33217408316476 VAL ACCURACY: 0.5872252753802708
LOSS: 82.30825805664062 ACCURACY: 0.375
VAL LOSS: 79.51815316336496 VAL ACCURACY: 0.5800824182374137
LOSS: 52.53113555908203 ACCURACY: 0.5
VAL LOSS: 76.75540602547782 VAL ACCURACY: 0.5653846161706108
LOSS: 29.11812973022461 ACCURACY: 0.75
VAL LOSS: 78.65183666774205 VAL ACCURACY: 0.5907967039516994
LOSS: 82.11753845214844 ACCURACY: 0.6875
VAL LOSS: 75.98632997785296 VAL ACCURACY: 0.556868132523128
LOSS: 25.76068115234375 ACCURACY: 0.6875
VAL LOSS: 77.41090643746513 VAL ACCURACY: 0.5729395610945566
LOSS: 77.49337768554688 ACCURACY: 0.5625
VAL LOSS: 77.05672051565988 VAL ACCURACY: 0.5711538468088423
LOSS: 17.54085922241211 ACCURACY: 0.6875
VAL LOSS: 77.45959412711007 VAL ACCURACY: 0.579670330456325
LOSS: 35.92860794067383 ACCURACY: 0.75
VAL LOSS: 77.23584589276994 VAL ACCURACY: 0.5907967039516994
LOSS: 23.712017059326172 ACCURACY: 0.6875
VAL LOSS: 78.5150212424142 VAL ACCURACY: 0.5850274733134678
LOSS: 31.41412353515625 ACCURACY: 0.5
VAL LOSS: 76.91666379656111 VAL ACCURACY: 0.5993131875991822
LOSS: 42.73250198364258 ACCURACY: 0.5625
VAL LOSS: 76.08312486921038 VAL ACCURACY: 0.5747252753802709
LOSS: 13.825044631958008 ACCURACY: 0.75
VAL LOSS: 76.83457587105887 VAL ACCURACY: 0.5850274733134678
LOSS: 22.163578033447266 ACCURACY: 0.6875
VAL LOSS: 76.71595415387834 VAL ACCURACY: 0.5890109896659851
LOSS: 43.97601318359375 ACCURACY: 0.5625
VAL LOSS: 74.46031897408622 VAL ACCURACY: 0.5842032968997956
LOSS: 26.016311645507812 ACCURACY: 0.625
VAL LOSS: 76.24435591016497 VAL ACCURACY: 0.6211538468088422
LOSS: 31.488019943237305 ACCURACY: 0.75
VAL LOSS: 74.80593256269182 VAL ACCURACY: 0.5859890111855098
LOSS: 66.10054779052734 ACCURACY: 0.6875
VAL LOSS: 78.51710139683314 VAL ACCURACY: 0.5756868141038077
LOSS: 45.712135314941406 ACCURACY: 0.5625
VAL LOSS: 79.70907979692731 VAL ACCURACY: 0.606868132523128
LOSS: 17.338083267211914 ACCURACY: 0.75
VAL LOSS: 78.60409224373954 VAL ACCURACY: 0.592170330456325
LOSS: 34.577781677246094 ACCURACY: 0.5625
VAL LOSS: 78.29916479928153 VAL ACCURACY: 0.5885989018848964
LOSS: 33.149131774902344 ACCURACY: 0.5625
VAL LOSS: 75.22582637241908 VAL ACCURACY: 0.5903846161706107
LOSS: 56.24658966064453 ACCURACY: 0.5625
VAL LOSS: 75.91250512259347 VAL ACCURACY: 0.5939560447420392
LOSS: 19.6472110748291 ACCURACY: 0.75
VAL LOSS: 74.74897469111852 VAL ACCURACY: 0.5907967039516994
LOSS: 29.443138122558594 ACCURACY: 0.6875
VAL LOSS: 76.88175206865583 VAL ACCURACY: 0.5939560447420392
LOSS: 39.654335021972656 ACCURACY: 0.5625
VAL LOSS: 78.14846665518624 VAL ACCURACY: 0.579670330456325
LOSS: 41.06927490234375 ACCURACY: 0.625
VAL LOSS: 77.93283696855818 VAL ACCURACY: 0.5814560447420393
LOSS: 20.663280487060547 ACCURACY: 0.75
VAL LOSS: 77.1128114427839 VAL ACCURACY: 0.577472528389522
LOSS: 47.04014587402344 ACCURACY: 0.5
VAL LOSS: 75.35860906328473 VAL ACCURACY: 0.5582417590277535
LOSS: 11.853650093078613 ACCURACY: 0.8125
VAL LOSS: 75.10719669886998 VAL ACCURACY: 0.5707417590277536
LOSS: 20.193614959716797 ACCURACY: 0.6875
VAL LOSS: 80.75480264936175 VAL ACCURACY: 0.5903846161706107
LOSS: 153.07481384277344 ACCURACY: 0.375
VAL LOSS: 76.93985301426478 VAL ACCURACY: 0.5957417590277535
LOSS: 16.79030990600586 ACCURACY: 0.8125
VAL LOSS: 77.53122111729213 VAL ACCURACY: 0.5907967039516994
LOSS: 46.24439239501953 ACCURACY: 0.625
VAL LOSS: 77.40843255179269 VAL ACCURACY: 0.592170330456325
LOSS: 18.414615631103516 ACCURACY: 0.8125
VAL LOSS: 77.34658949715751 VAL ACCURACY: 0.5814560447420393
LOSS: 27.891063690185547 ACCURACY: 0.8125
VAL LOSS: 77.29677194867816 VAL ACCURACY: 0.5707417590277536
LOSS: 44.030635833740234 ACCURACY: 0.625
VAL LOSS: 79.71911697387695 VAL ACCURACY: 0.5854395610945565
LOSS: 49.464542388916016 ACCURACY: 0.6875
VAL LOSS: 78.89003791809083 VAL ACCURACY: 0.5743131875991822
LOSS: 23.13578224182129 ACCURACY: 0.6875
VAL LOSS: 74.90253508431572 VAL ACCURACY: 0.5885989018848964
LOSS: 26.910905838012695 ACCURACY: 0.5625
VAL LOSS: 79.799586050851 VAL ACCURACY: 0.5814560447420393
LOSS: 28.202545166015625 ACCURACY: 0.8125
VAL LOSS: 76.85240963527134 VAL ACCURACY: 0.5935439569609505
LOSS: 114.17974853515625 ACCURACY: 0.5625
VAL LOSS: 78.52217739650182 VAL ACCURACY: 0.5907967039516994
LOSS: 42.783294677734375 ACCURACY: 0.6875
VAL LOSS: 76.93956484113421 VAL ACCURACY: 0.5836538468088422
LOSS: 31.97139549255371 ACCURACY: 0.5625
VAL LOSS: 79.48224302019392 VAL ACCURACY: 0.5836538468088422
LOSS: 37.97243881225586 ACCURACY: 0.5625
VAL LOSS: 82.44425686427525 VAL ACCURACY: 0.5885989018848964
LOSS: 36.13045883178711 ACCURACY: 0.625
VAL LOSS: 81.20577904837472 VAL ACCURACY: 0.5765109896659851
LOSS: 35.97644805908203 ACCURACY: 0.6875
VAL LOSS: 79.56299569266183 VAL ACCURACY: 0.5792582426752363
LOSS: 20.347000122070312 ACCURACY: 0.625
VAL LOSS: 75.76184392656599 VAL ACCURACY: 0.5832417590277535
LOSS: 25.86080551147461 ACCURACY: 0.75
VAL LOSS: 76.47812701633998 VAL ACCURACY: 0.5653846161706108
LOSS: 23.367773056030273 ACCURACY: 0.8125
VAL LOSS: 78.51801539829799 VAL ACCURACY: 0.5917582426752362
LOSS: 38.45494079589844 ACCURACY: 0.6875
VAL LOSS: 76.2175642830985 VAL ACCURACY: 0.5760989018848964
LOSS: 20.535114288330078 ACCURACY: 0.75
VAL LOSS: 77.46282604762486 VAL ACCURACY: 0.5885989018848964
LOSS: 301.94427490234375 ACCURACY: 0.5
VAL LOSS: 72.87462071010044 VAL ACCURACY: 0.5721153855323792
LOSS: 15.257160186767578 ACCURACY: 0.75
VAL LOSS: 77.0930114201137 VAL ACCURACY: 0.5854395610945565
LOSS: 54.1068115234375 ACCURACY: 0.75
VAL LOSS: 79.17066138131278 VAL ACCURACY: 0.5778846161706107
LOSS: 11.704463958740234 ACCURACY: 0.875
VAL LOSS: 77.95757119315012 VAL ACCURACY: 0.5935439569609505
LOSS: 38.02376937866211 ACCURACY: 0.625
VAL LOSS: 78.79342177254813 VAL ACCURACY: 0.5810439569609506
LOSS: 39.35374450683594 ACCURACY: 0.5
VAL LOSS: 75.78515886579241 VAL ACCURACY: 0.5471153855323792
LOSS: 16.279640197753906 ACCURACY: 0.6875
VAL LOSS: 77.6730290549142 VAL ACCURACY: 0.5663461540426526
LOSS: 26.374130249023438 ACCURACY: 0.75
VAL LOSS: 78.52729699271066 VAL ACCURACY: 0.5631868141038078
LOSS: 16.194067001342773 ACCURACY: 0.875
VAL LOSS: 79.85874126979283 VAL ACCURACY: 0.5578296712466648
LOSS: 24.778627395629883 ACCURACY: 0.625
VAL LOSS: 76.08244835989815 VAL ACCURACY: 0.5725274733134679
LOSS: 32.2595100402832 ACCURACY: 0.625
VAL LOSS: 77.13611406598773 VAL ACCURACY: 0.569368132523128
LOSS: 22.169715881347656 ACCURACY: 0.6875
VAL LOSS: 79.61756041390555 VAL ACCURACY: 0.5778846161706107
LOSS: 14.985759735107422 ACCURACY: 0.875
VAL LOSS: 78.0623275756836 VAL ACCURACY: 0.5604395610945565
LOSS: 16.833534240722656 ACCURACY: 0.8125
VAL LOSS: 75.47686642238072 VAL ACCURACY: 0.5739010998180935
LOSS: 18.528244018554688 ACCURACY: 0.625
VAL LOSS: 79.48142318725586 VAL ACCURACY: 0.577472528389522
LOSS: 71.93055725097656 ACCURACY: 0.4375
VAL LOSS: 78.05185421534946 VAL ACCURACY: 0.5778846161706107
LOSS: 20.360946655273438 ACCURACY: 0.8125
VAL LOSS: 74.8699693952288 VAL ACCURACY: 0.577472528389522
LOSS: 29.356456756591797 ACCURACY: 0.625
VAL LOSS: 75.15935254778181 VAL ACCURACY: 0.5850274733134678
LOSS: 36.47412872314453 ACCURACY: 0.8125
VAL LOSS: 75.26414140973772 VAL ACCURACY: 0.5685439569609506
LOSS: 24.09925651550293 ACCURACY: 0.75
VAL LOSS: 75.76089150565011 VAL ACCURACY: 0.567170330456325
LOSS: 25.17432975769043 ACCURACY: 0.6875
VAL LOSS: 75.10630008152553 VAL ACCURACY: 0.5832417590277535
LOSS: 34.02277374267578 ACCURACY: 0.625
VAL LOSS: 73.51493513924736 VAL ACCURACY: 0.5868131875991821
LOSS: 25.730823516845703 ACCURACY: 0.8125
VAL LOSS: 75.3922871180943 VAL ACCURACY: 0.5907967039516994
LOSS: 18.43120574951172 ACCURACY: 0.8125
VAL LOSS: 77.0570297241211 VAL ACCURACY: 0.5782967039516994
LOSS: 27.321760177612305 ACCURACY: 0.75
VAL LOSS: 76.48455069405692 VAL ACCURACY: 0.5943681325231279
LOSS: 31.77063751220703 ACCURACY: 0.6875
VAL LOSS: 76.34987825666155 VAL ACCURACY: 0.5657967039516993
LOSS: 15.697168350219727 ACCURACY: 0.9375
VAL LOSS: 74.71112300327846 VAL ACCURACY: 0.5751373631613595
LOSS: 22.541858673095703 ACCURACY: 0.6875
VAL LOSS: 78.73549554007394 VAL ACCURACY: 0.5743131875991822
LOSS: 18.051406860351562 ACCURACY: 0.6875
VAL LOSS: 78.8658024924142 VAL ACCURACY: 0.5747252753802709
LOSS: 14.120349884033203 ACCURACY: 0.875
VAL LOSS: 76.69262995038714 VAL ACCURACY: 0.5711538468088423
LOSS: 26.947134017944336 ACCURACY: 0.75
VAL LOSS: 76.12239728655133 VAL ACCURACY: 0.5626373631613595
LOSS: 33.87877655029297 ACCURACY: 0.6875
VAL LOSS: 75.07101129804339 VAL ACCURACY: 0.5657967039516993
LOSS: 12.88339614868164 ACCURACY: 0.8125
VAL LOSS: 76.39814006260463 VAL ACCURACY: 0.5765109896659851
LOSS: 34.55420684814453 ACCURACY: 0.625
VAL LOSS: 76.79356329781669 VAL ACCURACY: 0.5912087917327881
LOSS: 18.493629455566406 ACCURACY: 0.8125
VAL LOSS: 74.2444408416748 VAL ACCURACY: 0.5782967039516994
LOSS: 25.743925094604492 ACCURACY: 0.8125
VAL LOSS: 78.68896533421108 VAL ACCURACY: 0.5947802203042166
LOSS: 33.60928726196289 ACCURACY: 0.6875
VAL LOSS: 78.02593443734305 VAL ACCURACY: 0.5965659345899309
LOSS: 12.490890502929688 ACCURACY: 0.8125
VAL LOSS: 77.57059767586844 VAL ACCURACY: 0.5925824182374136
LOSS: 24.686908721923828 ACCURACY: 0.75
VAL LOSS: 81.43717722211565 VAL ACCURACY: 0.5765109896659851
LOSS: 56.98579788208008 ACCURACY: 0.5625
VAL LOSS: 76.74544715881348 VAL ACCURACY: 0.5765109896659851
LOSS: 106.005615234375 ACCURACY: 0.625
VAL LOSS: 76.05489605494908 VAL ACCURACY: 0.5872252753802708
LOSS: 37.60833740234375 ACCURACY: 0.5625
VAL LOSS: 79.86597333635602 VAL ACCURACY: 0.569368132523128
LOSS: 34.38127517700195 ACCURACY: 0.625
VAL LOSS: 75.62767246791294 VAL ACCURACY: 0.5751373631613595
LOSS: 14.855165481567383 ACCURACY: 0.8125
VAL LOSS: 76.33083861214774 VAL ACCURACY: 0.5635989018848964
LOSS: 71.91095733642578 ACCURACY: 0.5625
VAL LOSS: 77.05808361598423 VAL ACCURACY: 0.5747252753802709
LOSS: 33.02888107299805 ACCURACY: 0.5625
VAL LOSS: 76.89038173130581 VAL ACCURACY: 0.5868131875991821
LOSS: 5.330990791320801 ACCURACY: 1.0
VAL LOSS: 77.83621482849121 VAL ACCURACY: 0.6015109896659852
LOSS: 21.215328216552734 ACCURACY: 0.75
VAL LOSS: 79.29003977094378 VAL ACCURACY: 0.5622252753802708
LOSS: 26.699459075927734 ACCURACY: 0.875
VAL LOSS: 77.52008672441755 VAL ACCURACY: 0.5743131875991822
LOSS: 33.509742736816406 ACCURACY: 0.4375
VAL LOSS: 78.26122027805873 VAL ACCURACY: 0.5747252753802709
LOSS: 15.45312786102295 ACCURACY: 0.875
VAL LOSS: 77.0627848488944 VAL ACCURACY: 0.5782967039516994
LOSS: 55.581138610839844 ACCURACY: 0.4375
VAL LOSS: 73.80517578125 VAL ACCURACY: 0.5564560447420392
LOSS: 29.014190673828125 ACCURACY: 0.5
VAL LOSS: 75.9856247493199 VAL ACCURACY: 0.5782967039516994
LOSS: 31.925884246826172 ACCURACY: 0.5
VAL LOSS: 75.62773960658483 VAL ACCURACY: 0.5578296712466648
LOSS: 17.66168212890625 ACCURACY: 0.875
VAL LOSS: 77.12573885236468 VAL ACCURACY: 0.5689560447420393
LOSS: 27.57453155517578 ACCURACY: 0.5625
VAL LOSS: 74.84902975899833 VAL ACCURACY: 0.5729395610945566
LOSS: 25.340269088745117 ACCURACY: 0.75
VAL LOSS: 75.89634066990443 VAL ACCURACY: 0.554670330456325
LOSS: 28.659744262695312 ACCURACY: 0.6875
VAL LOSS: 82.46143651689802 VAL ACCURACY: 0.5711538468088423
LOSS: 18.34668731689453 ACCURACY: 0.75
VAL LOSS: 76.79996703011649 VAL ACCURACY: 0.5876373631613595
LOSS: 32.446617126464844 ACCURACY: 0.6875
VAL LOSS: 78.70005956377302 VAL ACCURACY: 0.5836538468088422
LOSS: 44.8128547668457 ACCURACY: 0.625
VAL LOSS: 77.52590953281947 VAL ACCURACY: 0.5743131875991822
LOSS: 24.809789657592773 ACCURACY: 0.6875
VAL LOSS: 76.50706939697265 VAL ACCURACY: 0.5858516488756452
LOSS: 26.390779495239258 ACCURACY: 0.5
VAL LOSS: 77.68456023080009 VAL ACCURACY: 0.5640109896659851
LOSS: 47.63118362426758 ACCURACY: 0.625
VAL LOSS: 79.19400427682059 VAL ACCURACY: 0.5836538468088422
LOSS: 28.433210372924805 ACCURACY: 0.75
VAL LOSS: 78.09490672520229 VAL ACCURACY: 0.5622252753802708
LOSS: 13.887712478637695 ACCURACY: 0.875
VAL LOSS: 78.1611499786377 VAL ACCURACY: 0.5747252753802709
LOSS: 32.314369201660156 ACCURACY: 0.6875
VAL LOSS: 76.97222023010254 VAL ACCURACY: 0.5760989018848964
LOSS: 34.32244873046875 ACCURACY: 0.6875
VAL LOSS: 76.86075079781669 VAL ACCURACY: 0.5729395610945566
LOSS: 37.790367126464844 ACCURACY: 0.5625
VAL LOSS: 76.25774647848947 VAL ACCURACY: 0.5765109896659851
LOSS: 8.895866394042969 ACCURACY: 0.9375
VAL LOSS: 78.687487248012 VAL ACCURACY: 0.5653846161706108
LOSS: 73.40625 ACCURACY: 0.4545454680919647
VAL LOSS: 76.14312787737165 VAL ACCURACY: 0.5747252753802709
LOSS: 38.06230926513672 ACCURACY: 0.4375
VAL LOSS: 78.98872816903251 VAL ACCURACY: 0.5679945060185023
LOSS: 30.740951538085938 ACCURACY: 0.6875
VAL LOSS: 77.4678231375558 VAL ACCURACY: 0.5858516488756452
LOSS: 13.623297691345215 ACCURACY: 0.875
VAL LOSS: 75.98950331551688 VAL ACCURACY: 0.5707417590277536
LOSS: 18.83905601501465 ACCURACY: 0.875
VAL LOSS: 79.15769380841937 VAL ACCURACY: 0.5872252753802708
LOSS: 27.757246017456055 ACCURACY: 0.625
VAL LOSS: 76.66039581298828 VAL ACCURACY: 0.5707417590277536
LOSS: 9.723712921142578 ACCURACY: 0.8125
VAL LOSS: 75.27085628509522 VAL ACCURACY: 0.5582417590277535
LOSS: 7.640946388244629 ACCURACY: 1.0
VAL LOSS: 80.23082956586565 VAL ACCURACY: 0.569368132523128
LOSS: 18.002416610717773 ACCURACY: 0.6875
VAL LOSS: 78.83544643947056 VAL ACCURACY: 0.556868132523128
LOSS: 23.992759704589844 ACCURACY: 0.75
VAL LOSS: 78.16692335946219 VAL ACCURACY: 0.5756868141038077
LOSS: 24.300148010253906 ACCURACY: 0.6875
VAL LOSS: 80.85462096078055 VAL ACCURACY: 0.5707417590277536
LOSS: 26.124160766601562 ACCURACY: 0.75
VAL LOSS: 77.45340854099818 VAL ACCURACY: 0.5890109896659851
LOSS: 31.727035522460938 ACCURACY: 0.6875
VAL LOSS: 78.74873373849051 VAL ACCURACY: 0.5907967039516994
LOSS: 20.404775619506836 ACCURACY: 0.8125
VAL LOSS: 79.66430931091308 VAL ACCURACY: 0.5814560447420393
LOSS: 49.96249771118164 ACCURACY: 0.375
VAL LOSS: 80.44086151123047 VAL ACCURACY: 0.579670330456325
LOSS: 16.132801055908203 ACCURACY: 0.75
VAL LOSS: 78.0243271963937 VAL ACCURACY: 0.5846153855323791
LOSS: 21.508567810058594 ACCURACY: 0.6875
VAL LOSS: 79.20973292759487 VAL ACCURACY: 0.579670330456325
LOSS: 20.043933868408203 ACCURACY: 0.75
VAL LOSS: 77.54111982073103 VAL ACCURACY: 0.5828296712466648
LOSS: 13.824613571166992 ACCURACY: 0.75
VAL LOSS: 76.51709267752511 VAL ACCURACY: 0.584065934589931
LOSS: 22.703155517578125 ACCURACY: 0.8125
VAL LOSS: 79.3711088180542 VAL ACCURACY: 0.5747252753802709
LOSS: 27.165966033935547 ACCURACY: 0.75
VAL LOSS: 77.63989857264927 VAL ACCURACY: 0.5792582426752363
LOSS: 50.98401641845703 ACCURACY: 0.5
VAL LOSS: 80.06545573643275 VAL ACCURACY: 0.5582417590277535
LOSS: 12.9431791305542 ACCURACY: 0.8125
VAL LOSS: 76.99724491664341 VAL ACCURACY: 0.5506868141038077
LOSS: 35.62504196166992 ACCURACY: 0.5
VAL LOSS: 77.07408692496163 VAL ACCURACY: 0.5703296712466649
LOSS: 18.40530776977539 ACCURACY: 0.75
VAL LOSS: 78.82819388253348 VAL ACCURACY: 0.5564560447420392
LOSS: 20.740468978881836 ACCURACY: 0.6875
VAL LOSS: 76.49689385550363 VAL ACCURACY: 0.569368132523128
LOSS: 20.864103317260742 ACCURACY: 0.5625
VAL LOSS: 78.09802098955427 VAL ACCURACY: 0.5528846161706107
LOSS: 14.91644287109375 ACCURACY: 0.8125
VAL LOSS: 77.70440330505372 VAL ACCURACY: 0.5743131875991822
LOSS: 24.789148330688477 ACCURACY: 0.6875
VAL LOSS: 76.21329372950963 VAL ACCURACY: 0.5743131875991822
LOSS: 21.679492950439453 ACCURACY: 0.6875
VAL LOSS: 76.59113202776227 VAL ACCURACY: 0.5743131875991822
LOSS: 30.814367294311523 ACCURACY: 0.5625
VAL LOSS: 76.20130718776159 VAL ACCURACY: 0.5850274733134678
LOSS: 33.46358108520508 ACCURACY: 0.6875
VAL LOSS: 77.1469117300851 VAL ACCURACY: 0.5765109896659851
LOSS: 70.27987670898438 ACCURACY: 0.75
VAL LOSS: 74.13518518720355 VAL ACCURACY: 0.579670330456325
LOSS: 47.318824768066406 ACCURACY: 0.6875
VAL LOSS: 78.8728819983346 VAL ACCURACY: 0.5792582426752363
LOSS: 24.037988662719727 ACCURACY: 0.6875
VAL LOSS: 79.20509060450962 VAL ACCURACY: 0.5854395610945565
LOSS: 291.57733154296875 ACCURACY: 0.4375
VAL LOSS: 79.36547317504883 VAL ACCURACY: 0.5747252753802709
LOSS: 25.722522735595703 ACCURACY: 0.75
VAL LOSS: 78.51968378339495 VAL ACCURACY: 0.592170330456325
LOSS: 29.44118881225586 ACCURACY: 0.625
VAL LOSS: 78.68361151559013 VAL ACCURACY: 0.564972528389522
LOSS: 26.00566864013672 ACCURACY: 0.625
VAL LOSS: 75.88944189889091 VAL ACCURACY: 0.5881868141038077
LOSS: 10.630096435546875 ACCURACY: 0.9375
VAL LOSS: 77.58871149335589 VAL ACCURACY: 0.5846153855323791
LOSS: 38.03130340576172 ACCURACY: 0.625
VAL LOSS: 77.92267090933663 VAL ACCURACY: 0.5943681325231279
LOSS: 19.362098693847656 ACCURACY: 0.75
VAL LOSS: 79.72872946602958 VAL ACCURACY: 0.5872252753802708
LOSS: 10.648080825805664 ACCURACY: 0.875
VAL LOSS: 78.16562854221888 VAL ACCURACY: 0.5778846161706107
LOSS: 17.911922454833984 ACCURACY: 0.75
VAL LOSS: 75.36277242388044 VAL ACCURACY: 0.5792582426752363
LOSS: 40.72624969482422 ACCURACY: 0.5
VAL LOSS: 77.35087481907436 VAL ACCURACY: 0.5850274733134678
LOSS: 25.979204177856445 ACCURACY: 0.6875
VAL LOSS: 76.71963299342565 VAL ACCURACY: 0.581868132523128
LOSS: 15.688833236694336 ACCURACY: 0.8125
VAL LOSS: 76.78325445992606 VAL ACCURACY: 0.5975274733134679
LOSS: 6.4345927238464355 ACCURACY: 0.9375
VAL LOSS: 76.8024403163365 VAL ACCURACY: 0.5961538468088422
LOSS: 21.10532569885254 ACCURACY: 0.75
VAL LOSS: 76.20520319257464 VAL ACCURACY: 0.579670330456325
LOSS: 13.04210090637207 ACCURACY: 0.875
VAL LOSS: 75.59803891863142 VAL ACCURACY: 0.5778846161706107
LOSS: 8.812887191772461 ACCURACY: 0.9375
VAL LOSS: 74.48275699615479 VAL ACCURACY: 0.5854395610945565
LOSS: 22.580280303955078 ACCURACY: 0.75
VAL LOSS: 73.86163019452776 VAL ACCURACY: 0.5822802203042167
LOSS: 19.026697158813477 ACCURACY: 0.8125
VAL LOSS: 76.02141407557896 VAL ACCURACY: 0.5675824182374137
LOSS: 17.03649139404297 ACCURACY: 0.75
VAL LOSS: 76.31767169407436 VAL ACCURACY: 0.5792582426752363
LOSS: 20.662681579589844 ACCURACY: 0.625
VAL LOSS: 76.43391053336008 VAL ACCURACY: 0.5846153855323791
LOSS: 9.594351768493652 ACCURACY: 0.9375
VAL LOSS: 76.50584809439523 VAL ACCURACY: 0.5854395610945565
LOSS: 23.896953582763672 ACCURACY: 0.6875
VAL LOSS: 77.17736031668527 VAL ACCURACY: 0.5907967039516994
LOSS: 29.447826385498047 ACCURACY: 0.6875
VAL LOSS: 74.30591163635253 VAL ACCURACY: 0.579670330456325
LOSS: 26.97209930419922 ACCURACY: 0.625
VAL LOSS: 81.31930765424455 VAL ACCURACY: 0.5756868141038077
LOSS: 24.10007667541504 ACCURACY: 0.625
VAL LOSS: 78.0779525756836 VAL ACCURACY: 0.5596153855323791
LOSS: 27.03577423095703 ACCURACY: 0.75
VAL LOSS: 75.99347054617745 VAL ACCURACY: 0.5850274733134678
LOSS: 23.961353302001953 ACCURACY: 0.6875
VAL LOSS: 76.19890074048723 VAL ACCURACY: 0.5828296712466648
LOSS: 10.437253952026367 ACCURACY: 0.9375
VAL LOSS: 75.97815284729003 VAL ACCURACY: 0.5822802203042167
LOSS: 27.636775970458984 ACCURACY: 0.6875
VAL LOSS: 76.46425225394113 VAL ACCURACY: 0.5743131875991822
LOSS: 7.24418830871582 ACCURACY: 0.9375
VAL LOSS: 78.61899953569684 VAL ACCURACY: 0.5689560447420393
LOSS: 10.803935050964355 ACCURACY: 0.875
VAL LOSS: 75.0136111668178 VAL ACCURACY: 0.5872252753802708
LOSS: 10.433653831481934 ACCURACY: 0.9375
VAL LOSS: 76.69962158203126 VAL ACCURACY: 0.581868132523128
LOSS: 41.99767303466797 ACCURACY: 0.75
VAL LOSS: 73.93942097255162 VAL ACCURACY: 0.579670330456325
LOSS: 11.679182052612305 ACCURACY: 0.75
VAL LOSS: 76.61912073407855 VAL ACCURACY: 0.5885989018848964
LOSS: 34.668609619140625 ACCURACY: 0.4375
VAL LOSS: 73.86486805507116 VAL ACCURACY: 0.6019230774470739
LOSS: 22.65687370300293 ACCURACY: 0.8125
VAL LOSS: 79.30480292184012 VAL ACCURACY: 0.5890109896659851
LOSS: 20.320911407470703 ACCURACY: 0.625
VAL LOSS: 74.2220905303955 VAL ACCURACY: 0.5832417590277535
LOSS: 13.201467514038086 ACCURACY: 0.75
VAL LOSS: 75.96510110582624 VAL ACCURACY: 0.5814560447420393
LOSS: 17.161251068115234 ACCURACY: 0.75
VAL LOSS: 76.42888499668666 VAL ACCURACY: 0.5787087917327881
LOSS: 50.04483413696289 ACCURACY: 0.8125
VAL LOSS: 76.8046995980399 VAL ACCURACY: 0.5854395610945565
LOSS: 29.211505889892578 ACCURACY: 0.6875
VAL LOSS: 76.3658451625279 VAL ACCURACY: 0.5640109896659851
LOSS: 19.962034225463867 ACCURACY: 0.6875
VAL LOSS: 75.02784298488072 VAL ACCURACY: 0.5725274733134679
LOSS: 29.831600189208984 ACCURACY: 0.5625
VAL LOSS: 76.06010328020368 VAL ACCURACY: 0.5675824182374137
LOSS: 51.60771560668945 ACCURACY: 0.4375
VAL LOSS: 78.20993908473423 VAL ACCURACY: 0.5832417590277535
LOSS: 13.418046951293945 ACCURACY: 0.75
VAL LOSS: 77.76191776820592 VAL ACCURACY: 0.5836538468088422
LOSS: 58.31821060180664 ACCURACY: 0.5625
VAL LOSS: 75.4979714529855 VAL ACCURACY: 0.5912087917327881
LOSS: 25.463809967041016 ACCURACY: 0.75
VAL LOSS: 76.04943378993443 VAL ACCURACY: 0.5822802203042167
LOSS: 11.425383567810059 ACCURACY: 0.8125
VAL LOSS: 76.99633178710937 VAL ACCURACY: 0.5854395610945565
LOSS: 18.759456634521484 ACCURACY: 0.6875
VAL LOSS: 76.86238931928362 VAL ACCURACY: 0.5782967039516994
LOSS: 79.00160217285156 ACCURACY: 0.375
VAL LOSS: 77.8999467577253 VAL ACCURACY: 0.5787087917327881
LOSS: 14.969644546508789 ACCURACY: 0.75
VAL LOSS: 78.88544932774136 VAL ACCURACY: 0.5729395610945566
LOSS: 6.62752628326416 ACCURACY: 1.0
VAL LOSS: 77.85011187962124 VAL ACCURACY: 0.5876373631613595
LOSS: 24.591039657592773 ACCURACY: 0.6875
VAL LOSS: 74.19055949619838 VAL ACCURACY: 0.564972528389522
LOSS: 30.59429168701172 ACCURACY: 0.625
VAL LOSS: 77.40377175467354 VAL ACCURACY: 0.581868132523128
LOSS: 32.4056282043457 ACCURACY: 0.6875
VAL LOSS: 73.12882597787039 VAL ACCURACY: 0.5890109896659851
LOSS: 49.83348083496094 ACCURACY: 0.5625
VAL LOSS: 75.4934544972011 VAL ACCURACY: 0.5925824182374136
LOSS: 13.27711009979248 ACCURACY: 0.9375
VAL LOSS: 75.6471611567906 VAL ACCURACY: 0.5890109896659851
LOSS: 40.50172424316406 ACCURACY: 0.625
VAL LOSS: 77.0391830444336 VAL ACCURACY: 0.5965659345899309
LOSS: 68.54364013671875 ACCURACY: 0.625
/home/leciojor/passing/helpers.py:176: UserWarning: No artists with labels found to put in legend.  Note that artists whose label start with an underscore are ignored when legend() is called with no argument.
  plt.legend()
VAL LOSS: 79.20608466012138 VAL ACCURACY: 0.5979395610945565
Saving model...
